current directory: /home/runner/work/camera-traps/camera-traps/.vendor/bundle/ruby/2.7.0/gems/racc-1.6.0/ext/racc/cparse
/opt/hostedtoolcache/Ruby/2.7.4/x64/bin/ruby -I /opt/hostedtoolcache/Ruby/2.7.4/x64/lib/ruby/2.7.0 -r ./siteconf20211027-18408-14coiib.rb extconf.rb
checking for rb_block_call()... yes
checking for rb_ary_subseq()... yes
creating Makefile

current directory: /home/runner/work/camera-traps/camera-traps/.vendor/bundle/ruby/2.7.0/gems/racc-1.6.0/ext/racc/cparse
make "DESTDIR=" clean
make[1]: Entering directory '/home/runner/work/camera-traps/camera-traps/.vendor/bundle/ruby/2.7.0/gems/racc-1.6.0/ext/racc/cparse'
Makefile:175: warning: overriding recipe for target 'clean'
¿\‰ƒ¡U:175: warning: ignoring old recipe for target 'clean'
Makefile:182: warning: overriding recipe for target 'distclean'
¿\‰ƒ¡U:182: warning: ignoring old recipe for target 'distclean'
Makefile:190: warning: overriding recipe for target 'install-so'
¿\‰ƒ¡U:190: warning: ignoring old recipe for target 'install-so'
Makefile:200: warning: overriding recipe for target 'pre-install-rb-default'
¿\‰ƒ¡U:200: warning: ignoring old recipe for target 'pre-install-rb-default'
Makefile:202: warning: overriding recipe for target '.sitearchdir.-.racc.time'
¿\‰ƒ¡U:202: warning: ignoring old recipe for target '.sitearchdir.-.racc.time'
Makefile:212: warning: overriding recipe for target '.cc.o'
¿\‰ƒ¡U:212: warning: ignoring old recipe for target '.cc.o'
Makefile:216: warning: overriding recipe for target '.cc.S'
¿\‰ƒ¡U:216: warning: ignoring old recipe for target '.cc.S'
Makefile:220: warning: overriding recipe for target '.mm.o'
¿\‰ƒ¡U:220: warning: ignoring old recipe for target '.mm.o'
Makefile:224: warning: overriding recipe for target '.mm.S'
¿\‰ƒ¡U:224: warning: ignoring old recipe for target '.mm.S'
Makefile:228: warning: overriding recipe for target '.cxx.o'
¿\‰ƒ¡U:228: warning: ignoring old recipe for target '.cxx.o'
Makefile:232: warning: overriding recipe for target '.cxx.S'
¿\‰ƒ¡U:232: warning: ignoring old recipe for target '.cxx.S'
Makefile:236: warning: overriding recipe for target '.cpp.o'
¿\‰ƒ¡U:236: warning: ignoring old recipe for target '.cpp.o'
Makefile:240: warning: overriding recipe for target '.cpp.S'
¿\‰ƒ¡U:240: warning: ignoring old recipe for target '.cpp.S'
Makefile:244: warning: overriding recipe for target '.c.o'
¿\‰ƒ¡U:244: warning: ignoring old recipe for target '.c.o'
Makefile:248: warning: overriding recipe for target '.c.S'
¿\‰ƒ¡U:248: warning: ignoring old recipe for target '.c.S'
Makefile:252: warning: overriding recipe for target '.m.o'
¿\‰ƒ¡U:252: warning: ignoring old recipe for target '.m.o'
Makefile:256: warning: overriding recipe for target '.m.S'
¿\‰ƒ¡U:256: warning: ignoring old recipe for target '.m.S'
Makefile:260: warning: overriding recipe for target 'cparse.so'
¿\‰ƒ¡U:260: warning: ignoring old recipe for target 'cparse.so'
make[1]: Leaving directory '/home/runner/work/camera-traps/camera-traps/.vendor/bundle/ruby/2.7.0/gems/racc-1.6.0/ext/racc/cparse'

current directory: /home/runner/work/camera-traps/camera-traps/.vendor/bundle/ruby/2.7.0/gems/racc-1.6.0/ext/racc/cparse
make "DESTDIR="
make[1]: Entering directory '/home/runner/work/camera-traps/camera-traps/.vendor/bundle/ruby/2.7.0/gems/racc-1.6.0/ext/racc/cparse'
Makefile:175: warning: overriding recipe for target 'clean'
¿Ã.hEV:175: warning: ignoring old recipe for target 'clean'
Makefile:182: warning: overriding recipe for target 'distclean'
¿Ã.hEV:182: warning: ignoring old recipe for target 'distclean'
Makefile:190: warning: overriding recipe for target 'install-so'
¿Ã.hEV:190: warning: ignoring old recipe for target 'install-so'
Makefile:200: warning: overriding recipe for target 'pre-install-rb-default'
¿Ã.hEV:200: warning: ignoring old recipe for target 'pre-install-rb-default'
Makefile:202: warning: overriding recipe for target '.sitearchdir.-.racc.time'
¿Ã.hEV:202: warning: ignoring old recipe for target '.sitearchdir.-.racc.time'
Makefile:212: warning: overriding recipe for target '.cc.o'
¿Ã.hEV:212: warning: ignoring old recipe for target '.cc.o'
Makefile:216: warning: overriding recipe for target '.cc.S'
¿Ã.hEV:216: warning: ignoring old recipe for target '.cc.S'
Makefile:220: warning: overriding recipe for target '.mm.o'
¿Ã.hEV:220: warning: ignoring old recipe for target '.mm.o'
Makefile:224: warning: overriding recipe for target '.mm.S'
¿Ã.hEV:224: warning: ignoring old recipe for target '.mm.S'
Makefile:228: warning: overriding recipe for target '.cxx.o'
¿Ã.hEV:228: warning: ignoring old recipe for target '.cxx.o'
Makefile:232: warning: overriding recipe for target '.cxx.S'
¿Ã.hEV:232: warning: ignoring old recipe for target '.cxx.S'
Makefile:236: warning: overriding recipe for target '.cpp.o'
¿Ã.hEV:236: warning: ignoring old recipe for target '.cpp.o'
Makefile:240: warning: overriding recipe for target '.cpp.S'
¿Ã.hEV:240: warning: ignoring old recipe for target '.cpp.S'
Makefile:244: warning: overriding recipe for target '.c.o'
¿Ã.hEV:244: warning: ignoring old recipe for target '.c.o'
Makefile:248: warning: overriding recipe for target '.c.S'
¿Ã.hEV:248: warning: ignoring old recipe for target '.c.S'
Makefile:252: warning: overriding recipe for target '.m.o'
¿Ã.hEV:252: warning: ignoring old recipe for target '.m.o'
Makefile:256: warning: overriding recipe for target '.m.S'
¿Ã.hEV:256: warning: ignoring old recipe for target '.m.S'
Makefile:260: warning: overriding recipe for target 'cparse.so'
¿Ã.hEV:260: warning: ignoring old recipe for target 'cparse.so'
compiling cparse.c
linking shared-object racc/cparse.so
make[1]: Leaving directory '/home/runner/work/camera-traps/camera-traps/.vendor/bundle/ruby/2.7.0/gems/racc-1.6.0/ext/racc/cparse'

current directory: /home/runner/work/camera-traps/camera-traps/.vendor/bundle/ruby/2.7.0/gems/racc-1.6.0/ext/racc/cparse
make "DESTDIR=" install
make[1]: Entering directory '/home/runner/work/camera-traps/camera-traps/.vendor/bundle/ruby/2.7.0/gems/racc-1.6.0/ext/racc/cparse'
Makefile:175: warning: overriding recipe for target 'clean'
¿ºCbVU:175: warning: ignoring old recipe for target 'clean'
Makefile:182: warning: overriding recipe for target 'distclean'
¿ºCbVU:182: warning: ignoring old recipe for target 'distclean'
Makefile:190: warning: overriding recipe for target 'install-so'
¿ºCbVU:190: warning: ignoring old recipe for target 'install-so'
Makefile:200: warning: overriding recipe for target 'pre-install-rb-default'
¿ºCbVU:200: warning: ignoring old recipe for target 'pre-install-rb-default'
Makefile:202: warning: overriding recipe for target '.sitearchdir.-.racc.time'
¿ºCbVU:202: warning: ignoring old recipe for target '.sitearchdir.-.racc.time'
Makefile:212: warning: overriding recipe for target '.cc.o'
¿ºCbVU:212: warning: ignoring old recipe for target '.cc.o'
Makefile:216: warning: overriding recipe for target '.cc.S'
¿ºCbVU:216: warning: ignoring old recipe for target '.cc.S'
Makefile:220: warning: overriding recipe for target '.mm.o'
¿ºCbVU:220: warning: ignoring old recipe for target '.mm.o'
Makefile:224: warning: overriding recipe for target '.mm.S'
¿ºCbVU:224: warning: ignoring old recipe for target '.mm.S'
Makefile:228: warning: overriding recipe for target '.cxx.o'
¿ºCbVU:228: warning: ignoring old recipe for target '.cxx.o'
Makefile:232: warning: overriding recipe for target '.cxx.S'
¿ºCbVU:232: warning: ignoring old recipe for target '.cxx.S'
Makefile:236: warning: overriding recipe for target '.cpp.o'
¿ºCbVU:236: warning: ignoring old recipe for target '.cpp.o'
Makefile:240: warning: overriding recipe for target '.cpp.S'
¿ºCbVU:240: warning: ignoring old recipe for target '.cpp.S'
Makefile:244: warning: overriding recipe for target '.c.o'
¿ºCbVU:244: warning: ignoring old recipe for target '.c.o'
Makefile:248: warning: overriding recipe for target '.c.S'
¿ºCbVU:248: warning: ignoring old recipe for target '.c.S'
Makefile:252: warning: overriding recipe for target '.m.o'
¿ºCbVU:252: warning: ignoring old recipe for target '.m.o'
Makefile:256: warning: overriding recipe for target '.m.S'
¿ºCbVU:256: warning: ignoring old recipe for target '.m.S'
Makefile:260: warning: overriding recipe for target 'cparse.so'
¿ºCbVU:260: warning: ignoring old recipe for target 'cparse.so'
/usr/bin/install -c -m 0755 cparse.so ./.gem.20211027-18408-1xvi9r6/racc
make[1]: Leaving directory '/home/runner/work/camera-traps/camera-traps/.vendor/bundle/ruby/2.7.0/gems/racc-1.6.0/ext/racc/cparse'
